Info: Starting: Create simulation model
Info: qsys-generate /home/ariel/insper/24_2/soc/lab-2/niosLab2.qsys --simulation=VHDL --allow-mixed-language-simulation --output-directory=/home/ariel/insper/24_2/soc/lab-2/niosLab2/simulation --family="Cyclone V" --part=5CSXFC6D6F31C6
Progress: Loading lab-2/niosLab2.qsys
Progress: Reading input file
Progress: Adding clk_0 [clock_source 23.1]
Progress: Parameterizing module clk_0
Progress: Adding jtag_uart_0 [altera_avalon_jtag_uart 23.1]
Progress: Parameterizing module jtag_uart_0
Progress: Adding nios2_gen2_0 [altera_nios2_gen2 23.1]
Progress: Parameterizing module nios2_gen2_0
Progress: Adding onchip_memory2_0 [altera_avalon_onchip_memory2 23.1]
Progress: Parameterizing module onchip_memory2_0
Progress: Adding onchip_memory_0 [altera_avalon_onchip_memory2 23.1]
Progress: Parameterizing module onchip_memory_0
Progress: Adding pio_0 [altera_avalon_pio 23.1]
Progress: Parameterizing module pio_0
Progress: Building connections
Progress: Parameterizing connections
Progress: Validating
Progress: Done reading input file
Info: niosLab2.jtag_uart_0: JTAG UART IP input clock need to be at least double (2x) the operating frequency of JTAG TCK on board
Warning: niosLab2.nios2_gen2_0: Nios II cores are not recommended for new projects and are subject to removal in a future release. Nios V cores are the recommended replacement as applicable.
Info: niosLab2: Generating niosLab2 "niosLab2" for SIM_VHDL
Info: jtag_uart_0: Starting RTL generation for module 'niosLab2_jtag_uart_0'
Info: jtag_uart_0:   Generation command is [exec /home/ariel/intelFPGA_lite/23.1std/quartus/linux64/perl/bin/perl -I /home/ariel/intelFPGA_lite/23.1std/quartus/linux64/perl/lib -I /home/ariel/intelFPGA_lite/23.1std/quartus/sopc_builder/bin/europa -I /home/ariel/intelFPGA_lite/23.1std/quartus/sopc_builder/bin -I /home/ariel/intelFPGA_lite/23.1std/quartus/../ip/altera/sopc_builder_ip/common -I /home/ariel/intelFPGA_lite/23.1std/quartus/../ip/altera/sopc_builder_ip/altera_avalon_jtag_uart -- /home/ariel/intelFPGA_lite/23.1std/quartus/../ip/altera/sopc_builder_ip/altera_avalon_jtag_uart/generate_rtl.pl --name=niosLab2_jtag_uart_0 --dir=/tmp/alt9969_9035905938109853654.dir/0002_jtag_uart_0_gen/ --quartus_dir=/home/ariel/intelFPGA_lite/23.1std/quartus --vhdl --config=/tmp/alt9969_9035905938109853654.dir/0002_jtag_uart_0_gen//niosLab2_jtag_uart_0_component_configuration.pl  --do_build_sim=1    --sim_dir=/tmp/alt9969_9035905938109853654.dir/0002_jtag_uart_0_gen/  ]
Info: jtag_uart_0: Done RTL generation for module 'niosLab2_jtag_uart_0'
Info: jtag_uart_0: "niosLab2" instantiated altera_avalon_jtag_uart "jtag_uart_0"
Info: nios2_gen2_0: "niosLab2" instantiated altera_nios2_gen2 "nios2_gen2_0"
Info: onchip_memory2_0: Starting RTL generation for module 'niosLab2_onchip_memory2_0'
Info: onchip_memory2_0:   Generation command is [exec /home/ariel/intelFPGA_lite/23.1std/quartus/linux64/perl/bin/perl -I /home/ariel/intelFPGA_lite/23.1std/quartus/linux64/perl/lib -I /home/ariel/intelFPGA_lite/23.1std/quartus/sopc_builder/bin/europa -I /home/ariel/intelFPGA_lite/23.1std/quartus/sopc_builder/bin -I /home/ariel/intelFPGA_lite/23.1std/quartus/../ip/altera/sopc_builder_ip/common -I /home/ariel/intelFPGA_lite/23.1std/quartus/../ip/altera/sopc_builder_ip/altera_avalon_onchip_memory2 -- /home/ariel/intelFPGA_lite/23.1std/quartus/../ip/altera/sopc_builder_ip/altera_avalon_onchip_memory2/generate_rtl.pl --name=niosLab2_onchip_memory2_0 --dir=/tmp/alt9969_9035905938109853654.dir/0003_onchip_memory2_0_gen/ --quartus_dir=/home/ariel/intelFPGA_lite/23.1std/quartus --vhdl --config=/tmp/alt9969_9035905938109853654.dir/0003_onchip_memory2_0_gen//niosLab2_onchip_memory2_0_component_configuration.pl  --do_build_sim=1    --sim_dir=/tmp/alt9969_9035905938109853654.dir/0003_onchip_memory2_0_gen/  ]
Info: onchip_memory2_0: Done RTL generation for module 'niosLab2_onchip_memory2_0'
Info: onchip_memory2_0: "niosLab2" instantiated altera_avalon_onchip_memory2 "onchip_memory2_0"
Info: onchip_memory_0: Starting RTL generation for module 'niosLab2_onchip_memory_0'
Info: onchip_memory_0:   Generation command is [exec /home/ariel/intelFPGA_lite/23.1std/quartus/linux64/perl/bin/perl -I /home/ariel/intelFPGA_lite/23.1std/quartus/linux64/perl/lib -I /home/ariel/intelFPGA_lite/23.1std/quartus/sopc_builder/bin/europa -I /home/ariel/intelFPGA_lite/23.1std/quartus/sopc_builder/bin -I /home/ariel/intelFPGA_lite/23.1std/quartus/../ip/altera/sopc_builder_ip/common -I /home/ariel/intelFPGA_lite/23.1std/quartus/../ip/altera/sopc_builder_ip/altera_avalon_onchip_memory2 -- /home/ariel/intelFPGA_lite/23.1std/quartus/../ip/altera/sopc_builder_ip/altera_avalon_onchip_memory2/generate_rtl.pl --name=niosLab2_onchip_memory_0 --dir=/tmp/alt9969_9035905938109853654.dir/0004_onchip_memory_0_gen/ --quartus_dir=/home/ariel/intelFPGA_lite/23.1std/quartus --vhdl --config=/tmp/alt9969_9035905938109853654.dir/0004_onchip_memory_0_gen//niosLab2_onchip_memory_0_component_configuration.pl  --do_build_sim=1    --sim_dir=/tmp/alt9969_9035905938109853654.dir/0004_onchip_memory_0_gen/  ]
Info: onchip_memory_0: Done RTL generation for module 'niosLab2_onchip_memory_0'
Info: onchip_memory_0: "niosLab2" instantiated altera_avalon_onchip_memory2 "onchip_memory_0"
Info: pio_0: Starting RTL generation for module 'niosLab2_pio_0'
Info: pio_0:   Generation command is [exec /home/ariel/intelFPGA_lite/23.1std/quartus/linux64/perl/bin/perl -I /home/ariel/intelFPGA_lite/23.1std/quartus/linux64/perl/lib -I /home/ariel/intelFPGA_lite/23.1std/quartus/sopc_builder/bin/europa -I /home/ariel/intelFPGA_lite/23.1std/quartus/sopc_builder/bin -I /home/ariel/intelFPGA_lite/23.1std/quartus/../ip/altera/sopc_builder_ip/common -I /home/ariel/intelFPGA_lite/23.1std/quartus/../ip/altera/sopc_builder_ip/altera_avalon_pio -- /home/ariel/intelFPGA_lite/23.1std/quartus/../ip/altera/sopc_builder_ip/altera_avalon_pio/generate_rtl.pl --name=niosLab2_pio_0 --dir=/tmp/alt9969_9035905938109853654.dir/0005_pio_0_gen/ --quartus_dir=/home/ariel/intelFPGA_lite/23.1std/quartus --vhdl --config=/tmp/alt9969_9035905938109853654.dir/0005_pio_0_gen//niosLab2_pio_0_component_configuration.pl  --do_build_sim=1    --sim_dir=/tmp/alt9969_9035905938109853654.dir/0005_pio_0_gen/  ]
Info: pio_0: Done RTL generation for module 'niosLab2_pio_0'
Info: pio_0: "niosLab2" instantiated altera_avalon_pio "pio_0"
Info: avalon_st_adapter: Inserting error_adapter: error_adapter_0
Info: avalon_st_adapter_001: Inserting error_adapter: error_adapter_0
Info: avalon_st_adapter_002: Inserting error_adapter: error_adapter_0
Info: avalon_st_adapter_003: Inserting error_adapter: error_adapter_0
Info: avalon_st_adapter_004: Inserting error_adapter: error_adapter_0
Info: mm_interconnect_0: "niosLab2" instantiated altera_mm_interconnect "mm_interconnect_0"
Info: irq_mapper: "niosLab2" instantiated altera_irq_mapper "irq_mapper"
Info: rst_controller: "niosLab2" instantiated altera_reset_controller "rst_controller"
Info: cpu: Starting RTL generation for module 'niosLab2_nios2_gen2_0_cpu'
Info: cpu:   Generation command is [exec /home/ariel/intelFPGA_lite/23.1std/quartus/linux64//perl/bin/perl -I /home/ariel/intelFPGA_lite/23.1std/quartus/linux64//perl/lib -I /home/ariel/intelFPGA_lite/23.1std/quartus/sopc_builder/bin/europa -I /home/ariel/intelFPGA_lite/23.1std/quartus/sopc_builder/bin -I /home/ariel/intelFPGA_lite/23.1std/quartus/../ip/altera/nios2_ip/altera_nios2_gen2/cpu_lib -I /home/ariel/intelFPGA_lite/23.1std/quartus/../ip/altera/nios2_ip/altera_nios2_gen2/nios_lib -I /home/ariel/intelFPGA_lite/23.1std/quartus/../ip/altera/nios2_ip/altera_nios2_gen2 -I /home/ariel/intelFPGA_lite/23.1std/quartus/../ip/altera/nios2_ip/altera_nios2_gen2 -- /home/ariel/intelFPGA_lite/23.1std/quartus/../ip/altera/nios2_ip/altera_nios2_gen2/generate_rtl.pl --name=niosLab2_nios2_gen2_0_cpu --dir=/tmp/alt9969_9035905938109853654.dir/0008_cpu_gen/ --quartus_bindir=/home/ariel/intelFPGA_lite/23.1std/quartus/linux64/ --verilog --config=/tmp/alt9969_9035905938109853654.dir/0008_cpu_gen//niosLab2_nios2_gen2_0_cpu_processor_configuration.pl  --do_build_sim=1    --sim_dir=/tmp/alt9969_9035905938109853654.dir/0008_cpu_gen/  ]
Info: cpu: # 2024.09.03 19:31:53 (*) Starting Nios II generation
Info: cpu: # 2024.09.03 19:31:53 (*)   Elaborating CPU configuration settings
Info: cpu: # 2024.09.03 19:31:53 (*)   Creating all objects for CPU
Info: cpu: # 2024.09.03 19:31:53 (*)   Creating '/tmp/alt9969_9035905938109853654.dir/0008_cpu_gen//niosLab2_nios2_gen2_0_cpu_nios2_waves.do'
Info: cpu: # 2024.09.03 19:31:53 (*)   Generating RTL from CPU objects
Info: cpu: # 2024.09.03 19:31:53 (*)   Creating plain-text RTL
Info: cpu: # 2024.09.03 19:31:53 (*) Done Nios II generation
Info: cpu: Done RTL generation for module 'niosLab2_nios2_gen2_0_cpu'
Info: cpu: "nios2_gen2_0" instantiated altera_nios2_gen2_unit "cpu"
Info: nios2_gen2_0_data_master_translator: "mm_interconnect_0" instantiated altera_merlin_master_translator "nios2_gen2_0_data_master_translator"
Info: jtag_uart_0_avalon_jtag_slave_translator: "mm_interconnect_0" instantiated altera_merlin_slave_translator "jtag_uart_0_avalon_jtag_slave_translator"
Info: nios2_gen2_0_data_master_agent: "mm_interconnect_0" instantiated altera_merlin_master_agent "nios2_gen2_0_data_master_agent"
Info: jtag_uart_0_avalon_jtag_slave_agent: "mm_interconnect_0" instantiated altera_merlin_slave_agent "jtag_uart_0_avalon_jtag_slave_agent"
Info: jtag_uart_0_avalon_jtag_slave_agent_rsp_fifo: "mm_interconnect_0" instantiated altera_avalon_sc_fifo "jtag_uart_0_avalon_jtag_slave_agent_rsp_fifo"
Info: router: "mm_interconnect_0" instantiated altera_merlin_router "router"
Info: router_001: "mm_interconnect_0" instantiated altera_merlin_router "router_001"
Info: router_002: "mm_interconnect_0" instantiated altera_merlin_router "router_002"
Info: router_003: "mm_interconnect_0" instantiated altera_merlin_router "router_003"
Info: cmd_demux: "mm_interconnect_0" instantiated altera_merlin_demultiplexer "cmd_demux"
Info: cmd_demux_001: "mm_interconnect_0" instantiated altera_merlin_demultiplexer "cmd_demux_001"
Info: cmd_mux: "mm_interconnect_0" instantiated altera_merlin_multiplexer "cmd_mux"
Info: cmd_mux_001: "mm_interconnect_0" instantiated altera_merlin_multiplexer "cmd_mux_001"
Info: Reusing file /home/ariel/insper/24_2/soc/lab-2/niosLab2/simulation/submodules/altera_merlin_arbitrator.sv
Info: rsp_demux: "mm_interconnect_0" instantiated altera_merlin_demultiplexer "rsp_demux"
Info: rsp_demux_001: "mm_interconnect_0" instantiated altera_merlin_demultiplexer "rsp_demux_001"
Info: rsp_mux: "mm_interconnect_0" instantiated altera_merlin_multiplexer "rsp_mux"
Info: Reusing file /home/ariel/insper/24_2/soc/lab-2/niosLab2/simulation/submodules/altera_merlin_arbitrator.sv
Info: rsp_mux_001: "mm_interconnect_0" instantiated altera_merlin_multiplexer "rsp_mux_001"
Info: Reusing file /home/ariel/insper/24_2/soc/lab-2/niosLab2/simulation/submodules/altera_merlin_arbitrator.sv
Info: avalon_st_adapter: "mm_interconnect_0" instantiated altera_avalon_st_adapter "avalon_st_adapter"
Info: error_adapter_0: "avalon_st_adapter" instantiated error_adapter "error_adapter_0"
Info: niosLab2: Done "niosLab2" with 29 modules, 52 files
Info: qsys-generate succeeded.
Info: Finished: Create simulation model
Info: Starting: Create Modelsim Project.
Info: sim-script-gen --spd=/home/ariel/insper/24_2/soc/lab-2/niosLab2/niosLab2.spd --output-directory=/home/ariel/insper/24_2/soc/lab-2/niosLab2/simulation/ --use-relative-paths=true
Info: Doing: ip-make-simscript --spd=/home/ariel/insper/24_2/soc/lab-2/niosLab2/niosLab2.spd --output-directory=/home/ariel/insper/24_2/soc/lab-2/niosLab2/simulation/ --use-relative-paths=true
Info: Generating the following file(s) for VCSMX simulator in /home/ariel/insper/24_2/soc/lab-2/niosLab2/simulation/ directory:
Info: 	synopsys/vcsmx/synopsys_sim.setup
Info: 	synopsys/vcsmx/vcsmx_setup.sh
Info: Generating the following file(s) for XCELIUM simulator in /home/ariel/insper/24_2/soc/lab-2/niosLab2/simulation/ directory:
Info: 	xcelium/cds.lib
Info: 	xcelium/hdl.var
Info: 	xcelium/xcelium_setup.sh
Info: 	28 .cds.lib files in xcelium/cds_libs/ directory
Info: Generating the following file(s) for MODELSIM simulator in /home/ariel/insper/24_2/soc/lab-2/niosLab2/simulation/ directory:
Info: 	mentor/msim_setup.tcl
Info: Skipping VCS script generation since VHDL file $QUARTUS_INSTALL_DIR/eda/sim_lib/altera_syn_attributes.vhd is required for simulation
Info: Generating the following file(s) for RIVIERA simulator in /home/ariel/insper/24_2/soc/lab-2/niosLab2/simulation/ directory:
Info: 	aldec/rivierapro_setup.tcl
Info: For information on how to simulate your IP, see the explanatory comments in the simulator-specific subdirectories under /home/ariel/insper/24_2/soc/lab-2/niosLab2/simulation/.
Info: Regenerate these scripts whenever you make any change to any Quartus-generated IP in your project.
Info: Finished: Create Modelsim Project.
Info: Starting: Create block symbol file (.bsf)
Info: qsys-generate /home/ariel/insper/24_2/soc/lab-2/niosLab2.qsys --block-symbol-file --output-directory=/home/ariel/insper/24_2/soc/lab-2/niosLab2 --family="Cyclone V" --part=5CSXFC6D6F31C6
Progress: Loading lab-2/niosLab2.qsys
Progress: Reading input file
Progress: Adding clk_0 [clock_source 23.1]
Progress: Parameterizing module clk_0
Progress: Adding jtag_uart_0 [altera_avalon_jtag_uart 23.1]
Progress: Parameterizing module jtag_uart_0
Progress: Adding nios2_gen2_0 [altera_nios2_gen2 23.1]
Progress: Parameterizing module nios2_gen2_0
Progress: Adding onchip_memory2_0 [altera_avalon_onchip_memory2 23.1]
Progress: Parameterizing module onchip_memory2_0
Progress: Adding onchip_memory_0 [altera_avalon_onchip_memory2 23.1]
Progress: Parameterizing module onchip_memory_0
Progress: Adding pio_0 [altera_avalon_pio 23.1]
Progress: Parameterizing module pio_0
Progress: Building connections
Progress: Parameterizing connections
Progress: Validating
Progress: Done reading input file
Info: niosLab2.jtag_uart_0: JTAG UART IP input clock need to be at least double (2x) the operating frequency of JTAG TCK on board
Warning: niosLab2.nios2_gen2_0: Nios II cores are not recommended for new projects and are subject to removal in a future release. Nios V cores are the recommended replacement as applicable.
Info: qsys-generate succeeded.
Info: Finished: Create block symbol file (.bsf)
Info: 
Info: Starting: Create HDL design files for synthesis
Info: qsys-generate /home/ariel/insper/24_2/soc/lab-2/niosLab2.qsys --synthesis=VHDL --output-directory=/home/ariel/insper/24_2/soc/lab-2/niosLab2/synthesis --family="Cyclone V" --part=5CSXFC6D6F31C6
Progress: Loading lab-2/niosLab2.qsys
Progress: Reading input file
Progress: Adding clk_0 [clock_source 23.1]
Progress: Parameterizing module clk_0
Progress: Adding jtag_uart_0 [altera_avalon_jtag_uart 23.1]
Progress: Parameterizing module jtag_uart_0
Progress: Adding nios2_gen2_0 [altera_nios2_gen2 23.1]
Progress: Parameterizing module nios2_gen2_0
Progress: Adding onchip_memory2_0 [altera_avalon_onchip_memory2 23.1]
Progress: Parameterizing module onchip_memory2_0
Progress: Adding onchip_memory_0 [altera_avalon_onchip_memory2 23.1]
Progress: Parameterizing module onchip_memory_0
Progress: Adding pio_0 [altera_avalon_pio 23.1]
Progress: Parameterizing module pio_0
Progress: Building connections
Progress: Parameterizing connections
Progress: Validating
Progress: Done reading input file
Info: niosLab2.jtag_uart_0: JTAG UART IP input clock need to be at least double (2x) the operating frequency of JTAG TCK on board
Warning: niosLab2.nios2_gen2_0: Nios II cores are not recommended for new projects and are subject to removal in a future release. Nios V cores are the recommended replacement as applicable.
Info: niosLab2: Generating niosLab2 "niosLab2" for QUARTUS_SYNTH
Info: jtag_uart_0: Starting RTL generation for module 'niosLab2_jtag_uart_0'
Info: jtag_uart_0:   Generation command is [exec /home/ariel/intelFPGA_lite/23.1std/quartus/linux64/perl/bin/perl -I /home/ariel/intelFPGA_lite/23.1std/quartus/linux64/perl/lib -I /home/ariel/intelFPGA_lite/23.1std/quartus/sopc_builder/bin/europa -I /home/ariel/intelFPGA_lite/23.1std/quartus/sopc_builder/bin -I /home/ariel/intelFPGA_lite/23.1std/quartus/../ip/altera/sopc_builder_ip/common -I /home/ariel/intelFPGA_lite/23.1std/quartus/../ip/altera/sopc_builder_ip/altera_avalon_jtag_uart -- /home/ariel/intelFPGA_lite/23.1std/quartus/../ip/altera/sopc_builder_ip/altera_avalon_jtag_uart/generate_rtl.pl --name=niosLab2_jtag_uart_0 --dir=/tmp/alt9969_9035905938109853654.dir/0028_jtag_uart_0_gen/ --quartus_dir=/home/ariel/intelFPGA_lite/23.1std/quartus --verilog --config=/tmp/alt9969_9035905938109853654.dir/0028_jtag_uart_0_gen//niosLab2_jtag_uart_0_component_configuration.pl  --do_build_sim=0  ]
Info: jtag_uart_0: Done RTL generation for module 'niosLab2_jtag_uart_0'
Info: jtag_uart_0: "niosLab2" instantiated altera_avalon_jtag_uart "jtag_uart_0"
Info: nios2_gen2_0: "niosLab2" instantiated altera_nios2_gen2 "nios2_gen2_0"
Info: onchip_memory2_0: Starting RTL generation for module 'niosLab2_onchip_memory2_0'
Info: onchip_memory2_0:   Generation command is [exec /home/ariel/intelFPGA_lite/23.1std/quartus/linux64/perl/bin/perl -I /home/ariel/intelFPGA_lite/23.1std/quartus/linux64/perl/lib -I /home/ariel/intelFPGA_lite/23.1std/quartus/sopc_builder/bin/europa -I /home/ariel/intelFPGA_lite/23.1std/quartus/sopc_builder/bin -I /home/ariel/intelFPGA_lite/23.1std/quartus/../ip/altera/sopc_builder_ip/common -I /home/ariel/intelFPGA_lite/23.1std/quartus/../ip/altera/sopc_builder_ip/altera_avalon_onchip_memory2 -- /home/ariel/intelFPGA_lite/23.1std/quartus/../ip/altera/sopc_builder_ip/altera_avalon_onchip_memory2/generate_rtl.pl --name=niosLab2_onchip_memory2_0 --dir=/tmp/alt9969_9035905938109853654.dir/0029_onchip_memory2_0_gen/ --quartus_dir=/home/ariel/intelFPGA_lite/23.1std/quartus --verilog --config=/tmp/alt9969_9035905938109853654.dir/0029_onchip_memory2_0_gen//niosLab2_onchip_memory2_0_component_configuration.pl  --do_build_sim=0  ]
Info: onchip_memory2_0: Done RTL generation for module 'niosLab2_onchip_memory2_0'
Info: onchip_memory2_0: "niosLab2" instantiated altera_avalon_onchip_memory2 "onchip_memory2_0"
Info: onchip_memory_0: Starting RTL generation for module 'niosLab2_onchip_memory_0'
Info: onchip_memory_0:   Generation command is [exec /home/ariel/intelFPGA_lite/23.1std/quartus/linux64/perl/bin/perl -I /home/ariel/intelFPGA_lite/23.1std/quartus/linux64/perl/lib -I /home/ariel/intelFPGA_lite/23.1std/quartus/sopc_builder/bin/europa -I /home/ariel/intelFPGA_lite/23.1std/quartus/sopc_builder/bin -I /home/ariel/intelFPGA_lite/23.1std/quartus/../ip/altera/sopc_builder_ip/common -I /home/ariel/intelFPGA_lite/23.1std/quartus/../ip/altera/sopc_builder_ip/altera_avalon_onchip_memory2 -- /home/ariel/intelFPGA_lite/23.1std/quartus/../ip/altera/sopc_builder_ip/altera_avalon_onchip_memory2/generate_rtl.pl --name=niosLab2_onchip_memory_0 --dir=/tmp/alt9969_9035905938109853654.dir/0030_onchip_memory_0_gen/ --quartus_dir=/home/ariel/intelFPGA_lite/23.1std/quartus --verilog --config=/tmp/alt9969_9035905938109853654.dir/0030_onchip_memory_0_gen//niosLab2_onchip_memory_0_component_configuration.pl  --do_build_sim=0  ]
Info: onchip_memory_0: Done RTL generation for module 'niosLab2_onchip_memory_0'
Info: onchip_memory_0: "niosLab2" instantiated altera_avalon_onchip_memory2 "onchip_memory_0"
Info: pio_0: Starting RTL generation for module 'niosLab2_pio_0'
Info: pio_0:   Generation command is [exec /home/ariel/intelFPGA_lite/23.1std/quartus/linux64/perl/bin/perl -I /home/ariel/intelFPGA_lite/23.1std/quartus/linux64/perl/lib -I /home/ariel/intelFPGA_lite/23.1std/quartus/sopc_builder/bin/europa -I /home/ariel/intelFPGA_lite/23.1std/quartus/sopc_builder/bin -I /home/ariel/intelFPGA_lite/23.1std/quartus/../ip/altera/sopc_builder_ip/common -I /home/ariel/intelFPGA_lite/23.1std/quartus/../ip/altera/sopc_builder_ip/altera_avalon_pio -- /home/ariel/intelFPGA_lite/23.1std/quartus/../ip/altera/sopc_builder_ip/altera_avalon_pio/generate_rtl.pl --name=niosLab2_pio_0 --dir=/tmp/alt9969_9035905938109853654.dir/0031_pio_0_gen/ --quartus_dir=/home/ariel/intelFPGA_lite/23.1std/quartus --verilog --config=/tmp/alt9969_9035905938109853654.dir/0031_pio_0_gen//niosLab2_pio_0_component_configuration.pl  --do_build_sim=0  ]
Info: pio_0: Done RTL generation for module 'niosLab2_pio_0'
Info: pio_0: "niosLab2" instantiated altera_avalon_pio "pio_0"
Info: avalon_st_adapter: Inserting error_adapter: error_adapter_0
Info: avalon_st_adapter_001: Inserting error_adapter: error_adapter_0
Info: avalon_st_adapter_002: Inserting error_adapter: error_adapter_0
Info: avalon_st_adapter_003: Inserting error_adapter: error_adapter_0
Info: avalon_st_adapter_004: Inserting error_adapter: error_adapter_0
Info: mm_interconnect_0: "niosLab2" instantiated altera_mm_interconnect "mm_interconnect_0"
Info: irq_mapper: "niosLab2" instantiated altera_irq_mapper "irq_mapper"
Info: rst_controller: "niosLab2" instantiated altera_reset_controller "rst_controller"
Info: cpu: Starting RTL generation for module 'niosLab2_nios2_gen2_0_cpu'
Info: cpu:   Generation command is [exec /home/ariel/intelFPGA_lite/23.1std/quartus/linux64//perl/bin/perl -I /home/ariel/intelFPGA_lite/23.1std/quartus/linux64//perl/lib -I /home/ariel/intelFPGA_lite/23.1std/quartus/sopc_builder/bin/europa -I /home/ariel/intelFPGA_lite/23.1std/quartus/sopc_builder/bin -I /home/ariel/intelFPGA_lite/23.1std/quartus/../ip/altera/nios2_ip/altera_nios2_gen2/cpu_lib -I /home/ariel/intelFPGA_lite/23.1std/quartus/../ip/altera/nios2_ip/altera_nios2_gen2/nios_lib -I /home/ariel/intelFPGA_lite/23.1std/quartus/../ip/altera/nios2_ip/altera_nios2_gen2 -I /home/ariel/intelFPGA_lite/23.1std/quartus/../ip/altera/nios2_ip/altera_nios2_gen2 -- /home/ariel/intelFPGA_lite/23.1std/quartus/../ip/altera/nios2_ip/altera_nios2_gen2/generate_rtl.pl --name=niosLab2_nios2_gen2_0_cpu --dir=/tmp/alt9969_9035905938109853654.dir/0034_cpu_gen/ --quartus_bindir=/home/ariel/intelFPGA_lite/23.1std/quartus/linux64/ --verilog --config=/tmp/alt9969_9035905938109853654.dir/0034_cpu_gen//niosLab2_nios2_gen2_0_cpu_processor_configuration.pl  --do_build_sim=0  ]
Info: cpu: # 2024.09.03 19:31:56 (*) Starting Nios II generation
Info: cpu: # 2024.09.03 19:31:56 (*)   Elaborating CPU configuration settings
Info: cpu: # 2024.09.03 19:31:56 (*)   Creating all objects for CPU
Info: cpu: # 2024.09.03 19:31:56 (*)   Generating RTL from CPU objects
Info: cpu: # 2024.09.03 19:31:56 (*)   Creating plain-text RTL
Info: cpu: # 2024.09.03 19:31:56 (*) Done Nios II generation
Info: cpu: Done RTL generation for module 'niosLab2_nios2_gen2_0_cpu'
Info: cpu: "nios2_gen2_0" instantiated altera_nios2_gen2_unit "cpu"
Info: nios2_gen2_0_data_master_translator: "mm_interconnect_0" instantiated altera_merlin_master_translator "nios2_gen2_0_data_master_translator"
Info: jtag_uart_0_avalon_jtag_slave_translator: "mm_interconnect_0" instantiated altera_merlin_slave_translator "jtag_uart_0_avalon_jtag_slave_translator"
Info: nios2_gen2_0_data_master_agent: "mm_interconnect_0" instantiated altera_merlin_master_agent "nios2_gen2_0_data_master_agent"
Info: jtag_uart_0_avalon_jtag_slave_agent: "mm_interconnect_0" instantiated altera_merlin_slave_agent "jtag_uart_0_avalon_jtag_slave_agent"
Info: jtag_uart_0_avalon_jtag_slave_agent_rsp_fifo: "mm_interconnect_0" instantiated altera_avalon_sc_fifo "jtag_uart_0_avalon_jtag_slave_agent_rsp_fifo"
Info: router: "mm_interconnect_0" instantiated altera_merlin_router "router"
Info: router_001: "mm_interconnect_0" instantiated altera_merlin_router "router_001"
Info: router_002: "mm_interconnect_0" instantiated altera_merlin_router "router_002"
Info: router_003: "mm_interconnect_0" instantiated altera_merlin_router "router_003"
Info: cmd_demux: "mm_interconnect_0" instantiated altera_merlin_demultiplexer "cmd_demux"
Info: cmd_demux_001: "mm_interconnect_0" instantiated altera_merlin_demultiplexer "cmd_demux_001"
Info: cmd_mux: "mm_interconnect_0" instantiated altera_merlin_multiplexer "cmd_mux"
Info: cmd_mux_001: "mm_interconnect_0" instantiated altera_merlin_multiplexer "cmd_mux_001"
Info: Reusing file /home/ariel/insper/24_2/soc/lab-2/niosLab2/synthesis/submodules/altera_merlin_arbitrator.sv
Info: rsp_demux: "mm_interconnect_0" instantiated altera_merlin_demultiplexer "rsp_demux"
Info: rsp_demux_001: "mm_interconnect_0" instantiated altera_merlin_demultiplexer "rsp_demux_001"
Info: rsp_mux: "mm_interconnect_0" instantiated altera_merlin_multiplexer "rsp_mux"
Info: Reusing file /home/ariel/insper/24_2/soc/lab-2/niosLab2/synthesis/submodules/altera_merlin_arbitrator.sv
Info: rsp_mux_001: "mm_interconnect_0" instantiated altera_merlin_multiplexer "rsp_mux_001"
Info: Reusing file /home/ariel/insper/24_2/soc/lab-2/niosLab2/synthesis/submodules/altera_merlin_arbitrator.sv
Info: avalon_st_adapter: "mm_interconnect_0" instantiated altera_avalon_st_adapter "avalon_st_adapter"
Info: error_adapter_0: "avalon_st_adapter" instantiated error_adapter "error_adapter_0"
Info: niosLab2: Done "niosLab2" with 29 modules, 45 files
Info: qsys-generate succeeded.
Info: Finished: Create HDL design files for synthesis
