Flow report for Lab1_FPGA_RTL
Thu Sep  5 19:49:02 2024
Quartus Prime Version 23.1std.1 Build 993 05/14/2024 SC Lite Edition


---------------------
; Table of Contents ;
---------------------
  1. Legal Notice
  2. Flow Summary
  3. Flow Settings
  4. Flow Non-Default Global Settings
  5. Flow Elapsed Time
  6. Flow OS Summary
  7. Flow Log
  8. Flow Messages
  9. Flow Suppressed Messages



----------------
; Legal Notice ;
----------------
Copyright (C) 2024  Intel Corporation. All rights reserved.
Your use of Intel Corporation's design tools, logic functions 
and other software and tools, and any partner logic 
functions, and any output files from any of the foregoing 
(including device programming or simulation files), and any 
associated documentation or information are expressly subject 
to the terms and conditions of the Intel Program License 
Subscription Agreement, the Intel Quartus Prime License Agreement,
the Intel FPGA IP License Agreement, or other applicable license
agreement, including, without limitation, that your use is for
the sole purpose of programming logic devices manufactured by
Intel and sold by Intel or its authorized distributors.  Please
refer to the applicable agreement for further details, at
https://fpgasoftware.intel.com/eula.



+----------------------------------------------------------------------------------+
; Flow Summary                                                                     ;
+---------------------------------+------------------------------------------------+
; Flow Status                     ; Successful - Thu Sep  5 19:49:02 2024          ;
; Quartus Prime Version           ; 23.1std.1 Build 993 05/14/2024 SC Lite Edition ;
; Revision Name                   ; Lab1_FPGA_RTL                                  ;
; Top-level Entity Name           ; LAB2_FPGA_NIOS                                 ;
; Family                          ; Cyclone V                                      ;
; Device                          ; 5CSXFC6D6F31C6                                 ;
; Timing Models                   ; Final                                          ;
; Logic utilization (in ALMs)     ; 824 / 41,910 ( 2 % )                           ;
; Total registers                 ; 1087                                           ;
; Total pins                      ; 16 / 499 ( 3 % )                               ;
; Total virtual pins              ; 0                                              ;
; Total block memory bits         ; 797,696 / 5,662,720 ( 14 % )                   ;
; Total DSP Blocks                ; 0 / 112 ( 0 % )                                ;
; Total HSSI RX PCSs              ; 0 / 9 ( 0 % )                                  ;
; Total HSSI PMA RX Deserializers ; 0 / 9 ( 0 % )                                  ;
; Total HSSI TX PCSs              ; 0 / 9 ( 0 % )                                  ;
; Total HSSI PMA TX Serializers   ; 0 / 9 ( 0 % )                                  ;
; Total PLLs                      ; 0 / 15 ( 0 % )                                 ;
; Total DLLs                      ; 0 / 4 ( 0 % )                                  ;
+---------------------------------+------------------------------------------------+


+-----------------------------------------+
; Flow Settings                           ;
+-------------------+---------------------+
; Option            ; Setting             ;
+-------------------+---------------------+
; Start date & time ; 09/05/2024 19:47:07 ;
; Main task         ; Compilation         ;
; Revision Name     ; Lab1_FPGA_RTL       ;
+-------------------+---------------------+


+-----------------------------------------------------------------------------------------------------------------------------------------------------------------------+
; Flow Non-Default Global Settings                                                                                                                                      ;
+-------------------------------------+------------------------------------------------------------+---------------+----------------+-----------------------------------+
; Assignment Name                     ; Value                                                      ; Default Value ; Entity Name    ; Section Id                        ;
+-------------------------------------+------------------------------------------------------------+---------------+----------------+-----------------------------------+
; COMPILER_SIGNATURE_ID               ; 66428773300628.172557642717619                             ; --            ; --             ; --                                ;
; EDA_GENERATE_FUNCTIONAL_NETLIST     ; Off                                                        ; --            ; --             ; eda_board_design_timing           ;
; EDA_GENERATE_FUNCTIONAL_NETLIST     ; Off                                                        ; --            ; --             ; eda_board_design_boundary_scan    ;
; EDA_GENERATE_FUNCTIONAL_NETLIST     ; Off                                                        ; --            ; --             ; eda_board_design_signal_integrity ;
; EDA_GENERATE_FUNCTIONAL_NETLIST     ; Off                                                        ; --            ; --             ; eda_board_design_symbol           ;
; EDA_OUTPUT_DATA_FORMAT              ; Verilog Hdl                                                ; --            ; --             ; eda_simulation                    ;
; EDA_SIMULATION_TOOL                 ; Questa Intel FPGA (Verilog)                                ; <None>        ; --             ; --                                ;
; EDA_TIME_SCALE                      ; 1 ps                                                       ; --            ; --             ; eda_simulation                    ;
; MAX_CORE_JUNCTION_TEMP              ; 85                                                         ; --            ; --             ; --                                ;
; MIN_CORE_JUNCTION_TEMP              ; 0                                                          ; --            ; --             ; --                                ;
; MISC_FILE                           ; niosLab2/synthesis/../niosLab2.cmp                         ; --            ; --             ; --                                ;
; MISC_FILE                           ; niosLab2/synthesis/../../niosLab2.qsys                     ; --            ; --             ; --                                ;
; NUM_PARALLEL_PROCESSORS             ; All                                                        ; --            ; --             ; --                                ;
; PARTITION_COLOR                     ; -- (Not supported for targeted family)                     ; --            ; LAB2_FPGA_NIOS ; Top                               ;
; PARTITION_FITTER_PRESERVATION_LEVEL ; -- (Not supported for targeted family)                     ; --            ; LAB2_FPGA_NIOS ; Top                               ;
; PARTITION_NETLIST_TYPE              ; -- (Not supported for targeted family)                     ; --            ; LAB2_FPGA_NIOS ; Top                               ;
; POWER_BOARD_THERMAL_MODEL           ; None (CONSERVATIVE)                                        ; --            ; --             ; --                                ;
; POWER_PRESET_COOLING_SOLUTION       ; 23 MM HEAT SINK WITH 200 LFPM AIRFLOW                      ; --            ; --             ; --                                ;
; PROJECT_OUTPUT_DIRECTORY            ; output_files                                               ; --            ; --             ; --                                ;
; SLD_FILE                            ; niosLab2/synthesis/niosLab2.regmap                         ; --            ; --             ; --                                ;
; SLD_FILE                            ; niosLab2/synthesis/niosLab2.debuginfo                      ; --            ; --             ; --                                ;
; SLD_INFO                            ; QSYS_NAME niosLab2 HAS_SOPCINFO 1 GENERATION_ID 1725576391 ; --            ; niosLab2       ; --                                ;
; SOPCINFO_FILE                       ; niosLab2/synthesis/../../niosLab2.sopcinfo                 ; --            ; --             ; --                                ;
; SYNTHESIS_ONLY_QIP                  ; On                                                         ; --            ; --             ; --                                ;
; TOP_LEVEL_ENTITY                    ; LAB2_FPGA_NIOS                                             ; Lab1_FPGA_RTL ; --             ; --                                ;
; VHDL_INPUT_VERSION                  ; VHDL_2008                                                  ; VHDL_1993     ; --             ; --                                ;
; VHDL_SHOW_LMF_MAPPING_MESSAGES      ; Off                                                        ; --            ; --             ; --                                ;
+-------------------------------------+------------------------------------------------------------+---------------+----------------+-----------------------------------+


+--------------------------------------------------------------------------------------------------------------------------+
; Flow Elapsed Time                                                                                                        ;
+----------------------+--------------+-------------------------+---------------------+------------------------------------+
; Module Name          ; Elapsed Time ; Average Processors Used ; Peak Virtual Memory ; Total CPU Time (on all processors) ;
+----------------------+--------------+-------------------------+---------------------+------------------------------------+
; Analysis & Synthesis ; 00:00:28     ; 1.0                     ; 583 MB              ; 00:00:58                           ;
; Fitter               ; 00:00:57     ; 1.2                     ; 1906 MB             ; 00:02:08                           ;
; Assembler            ; 00:00:08     ; 1.0                     ; 520 MB              ; 00:00:08                           ;
; Timing Analyzer      ; 00:00:09     ; 2.0                     ; 875 MB              ; 00:00:16                           ;
; EDA Netlist Writer   ; 00:00:03     ; 1.0                     ; 693 MB              ; 00:00:03                           ;
; Total                ; 00:01:45     ; --                      ; --                  ; 00:03:33                           ;
+----------------------+--------------+-------------------------+---------------------+------------------------------------+


+-----------------------------------------------------------------------------------------+
; Flow OS Summary                                                                         ;
+----------------------+-------------------+----------------+------------+----------------+
; Module Name          ; Machine Hostname  ; OS Name        ; OS Version ; Processor type ;
+----------------------+-------------------+----------------+------------+----------------+
; Analysis & Synthesis ; vacbo-x86-lap-ubu ; Ubuntu 22.04.4 ; 22         ; x86_64         ;
; Fitter               ; vacbo-x86-lap-ubu ; Ubuntu 22.04.4 ; 22         ; x86_64         ;
; Assembler            ; vacbo-x86-lap-ubu ; Ubuntu 22.04.4 ; 22         ; x86_64         ;
; Timing Analyzer      ; vacbo-x86-lap-ubu ; Ubuntu 22.04.4 ; 22         ; x86_64         ;
; EDA Netlist Writer   ; vacbo-x86-lap-ubu ; Ubuntu 22.04.4 ; 22         ; x86_64         ;
+----------------------+-------------------+----------------+------------+----------------+


------------
; Flow Log ;
------------
quartus_map --read_settings_files=on --write_settings_files=off Lab1_FPGA_RTL -c Lab1_FPGA_RTL
quartus_fit --read_settings_files=off --write_settings_files=off Lab1_FPGA_RTL -c Lab1_FPGA_RTL
quartus_asm --read_settings_files=off --write_settings_files=off Lab1_FPGA_RTL -c Lab1_FPGA_RTL
quartus_sta Lab1_FPGA_RTL -c Lab1_FPGA_RTL
quartus_eda --read_settings_files=off --write_settings_files=off Lab1_FPGA_RTL -c Lab1_FPGA_RTL



